

Eseguo: sshpass -p "root" ssh root@169.254.180.39  'date -s 2022.11.03-14:00:46 >> test.out' 
Thu Nov  3 14:00:46 2022 

Astroplano starting
Oggi: 2022.11.03-14:00:46
Thu Nov  3 14:00:48 2022 

Astroplano starting
Oggi: 3  11  2022 , ore 14: 0:48
Thu Nov  3 14:00:48 2022 

Eseguo: sshpass -p "root" ssh root@169.254.180.39  'date -s "2022-11-3 14:0:48" >> test.out' 
Thu Nov  3 14:00:48 2022 

Astroplano starting
Oggi: 3  11  2022 , ore 14: 0:48
Thu Nov  3 14:00:51 2022 

Output file: ./Casi1-AP20221103-1346.bin

Thu Nov  3 14:00:51 2022 
Inizia il run: Thu Nov  3 14:00:51 2022 

Thu Nov  3 14:00:51 2022 
durata 1440 m. 
Thu Nov  3 14:00:51 2022 
***           Header        ***
      Thu 03-11-2022 @ 14:00:51

Voltages 
55.93  55.9  55.12  55.0  55.65  55.35  55.62  55.84  55.8  55.61  55.96  55.87  
Start threshold 
20.0  20.0  20.0  20.0  20.0  20.0  20.0  20.0  20.0  20.0  20.0  20.0  
Stop_threshold 
15.0  15.0  15.0  15.0  15.0  15.0  15.0  15.0  15.0  15.0  15.0  15.0  
Leading
 15  
Trailing
 25  
Gain 
  0 
Pedestal
  3E00 
Treference Tempco Correction_Flag
   20.0   54.000  0
Sensori T dei SiPM: 
 22.94  22.38  21.75  21.50 
Sensore ambientale: T, P, rh
 25.19 1011.6 44.0
***      End of Header     ***


Eseguo: sshpass -p "root" ssh root@169.254.180.39  './DaqReadTcp 2>&1 >tcp_out.txt &  >> test.out' 
Thu Nov  3 14:00:51 2022 

StartRun: Ora nc (netcat) ------------------------
Thu Nov  3 14:00:53 2022 

eseguo comando:  nc -v 169.254.180.39 5000 > ./Casi1-AP20221103-1346.bin & 
Thu Nov  3 14:00:53 2022 

Eseguo: sshpass -p "root" ssh root@169.254.180.39  'bash daq_set_pedestal.sh -N "{0..11}" -P 15872 >> test.out' 
Thu Nov  3 14:00:53 2022 

Eseguo: sshpass -p "root" ssh root@169.254.180.39  '
bash daq_set_hv.sh -N "{0..11}" -V " 14493  14516  15108  15199  14706  14934  14728  14561  14592  14736  14470  14538  "  >> test.out' 
Thu Nov  3 14:00:57 2022 

Eseguo: sshpass -p "root" ssh root@169.254.180.39  'bash gslaFF.sh  >> test.out' 
Thu Nov  3 14:01:14 2022 

Eseguo: sshpass -p "root" ssh root@169.254.180.39  'bash daq_run_launch.sh -N "{0..11}" -S " 0x3CDB 0x3CDB 0x3CDB 0x3CDB 0x3CDB 0x3CDB 0x3CDB 0x3CDB 0x3CDB 0x3CDB 0x3CDB 0x3CDB" -P " 0x3D24 0x3D24 0x3D24 0x3D24 0x3D24 0x3D24 0x3D24 0x3D24 0x3D24 0x3D24 0x3D24 0x3D24" -L 0xF  -T 0x19  -I 0x0810  >/dev/null >> test.out' 
Thu Nov  3 14:01:16 2022 
Durata del run 1440 m 

Thu Nov  3 14:01:22 2022 

Sensore temperatura n.:  0  T=  22.9
Thu Nov  3 14:01:58 2022 

Sensore temperatura n.:  1  T=  22.4
Thu Nov  3 14:01:58 2022 

Sensore temperatura n.:  2  T=  21.7
Thu Nov  3 14:01:58 2022 

Sensore temperatura n.:  3  T=  21.5
Thu Nov  3 14:01:58 2022 

Sensore temperatura n.:  0  T=  22.9
Thu Nov  3 14:16:58 2022 

Sensore temperatura n.:  1  T=  22.4
Thu Nov  3 14:16:58 2022 

Sensore temperatura n.:  2  T=  21.8
Thu Nov  3 14:16:58 2022 

Sensore temperatura n.:  3  T=  21.6
Thu Nov  3 14:16:58 2022 

Sensore temperatura n.:  0  T=  22.9
Thu Nov  3 14:31:58 2022 

Sensore temperatura n.:  1  T=  22.4
Thu Nov  3 14:31:58 2022 

Sensore temperatura n.:  2  T=  21.8
Thu Nov  3 14:31:58 2022 

Sensore temperatura n.:  3  T=  21.6
Thu Nov  3 14:31:58 2022 

Sensore temperatura n.:  0  T=  23.0
Thu Nov  3 14:46:58 2022 

Sensore temperatura n.:  1  T=  22.5
Thu Nov  3 14:46:58 2022 

Sensore temperatura n.:  2  T=  21.8
Thu Nov  3 14:46:58 2022 

Sensore temperatura n.:  3  T=  21.7
Thu Nov  3 14:46:58 2022 

Sensore temperatura n.:  0  T=  22.9
Thu Nov  3 15:01:58 2022 

Sensore temperatura n.:  1  T=  22.3
Thu Nov  3 15:01:58 2022 

Sensore temperatura n.:  2  T=  21.8
Thu Nov  3 15:01:58 2022 

Sensore temperatura n.:  3  T=  21.9
Thu Nov  3 15:01:58 2022 

Sensore temperatura n.:  0  T=  23.2
Thu Nov  3 15:16:58 2022 

Sensore temperatura n.:  1  T=  22.6
Thu Nov  3 15:16:58 2022 

Sensore temperatura n.:  2  T=  21.9
Thu Nov  3 15:16:58 2022 

Sensore temperatura n.:  3  T=  22.0
Thu Nov  3 15:16:58 2022 

Sensore temperatura n.:  0  T=  23.4
Thu Nov  3 15:31:58 2022 

Sensore temperatura n.:  1  T=  22.8
Thu Nov  3 15:31:58 2022 

Sensore temperatura n.:  2  T=  22.1
Thu Nov  3 15:31:58 2022 

Sensore temperatura n.:  3  T=  22.1
Thu Nov  3 15:31:58 2022 

Sensore temperatura n.:  0  T=  23.6
Thu Nov  3 15:46:58 2022 

Sensore temperatura n.:  1  T=  22.8
Thu Nov  3 15:46:58 2022 

Sensore temperatura n.:  2  T=  22.1
Thu Nov  3 15:46:58 2022 

Sensore temperatura n.:  3  T=  22.2
Thu Nov  3 15:46:58 2022 

Sensore temperatura n.:  0  T=  23.6
Thu Nov  3 16:01:58 2022 

Sensore temperatura n.:  1  T=  22.9
Thu Nov  3 16:01:58 2022 

Sensore temperatura n.:  2  T=  22.2
Thu Nov  3 16:01:58 2022 

Sensore temperatura n.:  3  T=  22.2
Thu Nov  3 16:01:58 2022 

Sensore temperatura n.:  0  T=  23.6
Thu Nov  3 16:16:58 2022 

Sensore temperatura n.:  1  T=  22.9
Thu Nov  3 16:16:58 2022 

Sensore temperatura n.:  2  T=  22.2
Thu Nov  3 16:16:58 2022 

Sensore temperatura n.:  3  T=  22.3
Thu Nov  3 16:16:58 2022 

Sensore temperatura n.:  0  T=  23.7
Thu Nov  3 16:31:58 2022 

Sensore temperatura n.:  1  T=  22.9
Thu Nov  3 16:31:58 2022 

Sensore temperatura n.:  2  T=  22.2
Thu Nov  3 16:31:58 2022 

Sensore temperatura n.:  3  T=  22.3
Thu Nov  3 16:31:58 2022 

Sensore temperatura n.:  0  T=  23.6
Thu Nov  3 16:46:58 2022 

Sensore temperatura n.:  1  T=  22.9
Thu Nov  3 16:46:58 2022 

Sensore temperatura n.:  2  T=  22.1
Thu Nov  3 16:46:58 2022 

Sensore temperatura n.:  3  T=  22.2
Thu Nov  3 16:46:58 2022 

Sensore temperatura n.:  0  T=  23.6
Thu Nov  3 17:01:58 2022 

Sensore temperatura n.:  1  T=  22.8
Thu Nov  3 17:01:58 2022 

Sensore temperatura n.:  2  T=  22.1
Thu Nov  3 17:01:58 2022 

Sensore temperatura n.:  3  T=  22.1
Thu Nov  3 17:01:58 2022 

Sensore temperatura n.:  0  T=  23.5
Thu Nov  3 17:16:58 2022 

Sensore temperatura n.:  1  T=  22.8
Thu Nov  3 17:16:58 2022 

Sensore temperatura n.:  2  T=  22.1
Thu Nov  3 17:16:58 2022 

Sensore temperatura n.:  3  T=  22.1
Thu Nov  3 17:16:58 2022 

Sensore temperatura n.:  0  T=  23.4
Thu Nov  3 17:31:58 2022 

Sensore temperatura n.:  1  T=  22.7
Thu Nov  3 17:31:58 2022 

Sensore temperatura n.:  2  T=  21.9
Thu Nov  3 17:31:58 2022 

Sensore temperatura n.:  3  T=  22.0
Thu Nov  3 17:31:58 2022 

Sensore temperatura n.:  0  T=  23.6
Thu Nov  3 17:46:58 2022 

Sensore temperatura n.:  1  T=  22.8
Thu Nov  3 17:46:58 2022 

Sensore temperatura n.:  2  T=  22.1
Thu Nov  3 17:46:58 2022 

Sensore temperatura n.:  3  T=  22.1
Thu Nov  3 17:46:58 2022 

Sensore temperatura n.:  0  T=  23.6
Thu Nov  3 18:01:58 2022 

Sensore temperatura n.:  1  T=  22.9
Thu Nov  3 18:01:58 2022 

Sensore temperatura n.:  2  T=  22.1
Thu Nov  3 18:01:58 2022 

Sensore temperatura n.:  3  T=  22.2
Thu Nov  3 18:01:58 2022 

Sensore temperatura n.:  0  T=  23.6
Thu Nov  3 18:16:58 2022 

Sensore temperatura n.:  1  T=  22.9
Thu Nov  3 18:16:58 2022 

Sensore temperatura n.:  2  T=  22.1
Thu Nov  3 18:16:58 2022 

Sensore temperatura n.:  3  T=  22.2
Thu Nov  3 18:16:58 2022 

Sensore temperatura n.:  0  T=  23.6
Thu Nov  3 18:31:58 2022 

Sensore temperatura n.:  1  T=  22.8
Thu Nov  3 18:31:58 2022 

Sensore temperatura n.:  2  T=  22.1
Thu Nov  3 18:31:58 2022 

Sensore temperatura n.:  3  T=  22.1
Thu Nov  3 18:31:58 2022 

Sensore temperatura n.:  0  T=  23.5
Thu Nov  3 18:46:58 2022 

Sensore temperatura n.:  1  T=  22.8
Thu Nov  3 18:46:58 2022 

Sensore temperatura n.:  2  T=  22.0
Thu Nov  3 18:46:58 2022 

Sensore temperatura n.:  3  T=  22.0
Thu Nov  3 18:46:58 2022 

Sensore temperatura n.:  0  T=  23.2
Thu Nov  3 19:01:58 2022 

Sensore temperatura n.:  1  T=  22.6
Thu Nov  3 19:01:58 2022 

Sensore temperatura n.:  2  T=  21.8
Thu Nov  3 19:01:58 2022 

Sensore temperatura n.:  3  T=  21.8
Thu Nov  3 19:01:58 2022 

Sensore temperatura n.:  0  T=  23.0
Thu Nov  3 19:16:58 2022 

Sensore temperatura n.:  1  T=  22.4
Thu Nov  3 19:16:58 2022 

Sensore temperatura n.:  2  T=  21.6
Thu Nov  3 19:16:58 2022 

Sensore temperatura n.:  3  T=  21.5
Thu Nov  3 19:16:58 2022 

Sensore temperatura n.:  0  T=  23.0
Thu Nov  3 19:31:58 2022 

Sensore temperatura n.:  1  T=  22.2
Thu Nov  3 19:31:58 2022 

Sensore temperatura n.:  2  T=  21.5
Thu Nov  3 19:31:58 2022 

Sensore temperatura n.:  3  T=  21.5
Thu Nov  3 19:31:58 2022 

Sensore temperatura n.:  0  T=  22.9
Thu Nov  3 19:46:58 2022 

Sensore temperatura n.:  1  T=  22.2
Thu Nov  3 19:46:58 2022 

Sensore temperatura n.:  2  T=  21.4
Thu Nov  3 19:46:58 2022 

Sensore temperatura n.:  3  T=  21.4
Thu Nov  3 19:46:58 2022 

Sensore temperatura n.:  0  T=  22.9
Thu Nov  3 20:01:58 2022 

Sensore temperatura n.:  1  T=  22.2
Thu Nov  3 20:01:58 2022 

Sensore temperatura n.:  2  T=  21.4
Thu Nov  3 20:01:58 2022 

Sensore temperatura n.:  3  T=  21.5
Thu Nov  3 20:01:58 2022 

Sensore temperatura n.:  0  T=  22.8
Thu Nov  3 20:16:58 2022 

Sensore temperatura n.:  1  T=  22.1
Thu Nov  3 20:16:58 2022 

Sensore temperatura n.:  2  T=  21.3
Thu Nov  3 20:16:58 2022 

Sensore temperatura n.:  3  T=  21.4
Thu Nov  3 20:16:58 2022 

Sensore temperatura n.:  0  T=  22.7
Thu Nov  3 20:31:58 2022 

Sensore temperatura n.:  1  T=  22.1
Thu Nov  3 20:31:58 2022 

Sensore temperatura n.:  2  T=  21.3
Thu Nov  3 20:31:58 2022 

Sensore temperatura n.:  3  T=  21.4
Thu Nov  3 20:31:58 2022 

Sensore temperatura n.:  0  T=  22.6
Thu Nov  3 20:46:58 2022 

Sensore temperatura n.:  1  T=  21.9
Thu Nov  3 20:46:58 2022 

Sensore temperatura n.:  2  T=  21.3
Thu Nov  3 20:46:58 2022 

Sensore temperatura n.:  3  T=  21.4
Thu Nov  3 20:46:58 2022 

Sensore temperatura n.:  0  T=  22.6
Thu Nov  3 21:01:58 2022 

Sensore temperatura n.:  1  T=  21.9
Thu Nov  3 21:01:58 2022 

Sensore temperatura n.:  2  T=  21.2
Thu Nov  3 21:01:58 2022 

Sensore temperatura n.:  3  T=  21.4
Thu Nov  3 21:01:58 2022 

Sensore temperatura n.:  0  T=  22.6
Thu Nov  3 21:16:58 2022 

Sensore temperatura n.:  1  T=  21.9
Thu Nov  3 21:16:58 2022 

Sensore temperatura n.:  2  T=  21.2
Thu Nov  3 21:16:58 2022 

Sensore temperatura n.:  3  T=  21.5
Thu Nov  3 21:16:58 2022 

Sensore temperatura n.:  0  T=  22.7
Thu Nov  3 21:31:59 2022 

Sensore temperatura n.:  1  T=  22.1
Thu Nov  3 21:31:59 2022 

Sensore temperatura n.:  2  T=  21.5
Thu Nov  3 21:31:59 2022 

Sensore temperatura n.:  3  T=  21.6
Thu Nov  3 21:31:59 2022 

Sensore temperatura n.:  0  T=  22.5
Thu Nov  3 21:47:00 2022 

Sensore temperatura n.:  1  T=  21.9
Thu Nov  3 21:47:00 2022 

Sensore temperatura n.:  2  T=  21.2
Thu Nov  3 21:47:00 2022 

Sensore temperatura n.:  3  T=  21.4
Thu Nov  3 21:47:00 2022 

Sensore temperatura n.:  0  T=  22.6
Thu Nov  3 22:02:00 2022 

Sensore temperatura n.:  1  T=  22.0
Thu Nov  3 22:02:00 2022 

Sensore temperatura n.:  2  T=  21.4
Thu Nov  3 22:02:00 2022 

Sensore temperatura n.:  3  T=  21.7
Thu Nov  3 22:02:00 2022 

Sensore temperatura n.:  0  T=  22.4
Thu Nov  3 22:17:01 2022 

Sensore temperatura n.:  1  T=  21.8
Thu Nov  3 22:17:01 2022 

Sensore temperatura n.:  2  T=  21.2
Thu Nov  3 22:17:01 2022 

Sensore temperatura n.:  3  T=  21.4
Thu Nov  3 22:17:01 2022 

Sensore temperatura n.:  0  T=  22.4
Thu Nov  3 22:32:01 2022 

Sensore temperatura n.:  1  T=  21.8
Thu Nov  3 22:32:01 2022 

Sensore temperatura n.:  2  T=  21.2
Thu Nov  3 22:32:01 2022 

Sensore temperatura n.:  3  T=  21.5
Thu Nov  3 22:32:01 2022 

Sensore temperatura n.:  0  T=  22.5
Thu Nov  3 22:47:02 2022 

Sensore temperatura n.:  1  T=  21.9
Thu Nov  3 22:47:02 2022 

Sensore temperatura n.:  2  T=  21.3
Thu Nov  3 22:47:02 2022 

Sensore temperatura n.:  3  T=  21.5
Thu Nov  3 22:47:02 2022 

Sensore temperatura n.:  0  T=  22.4
Thu Nov  3 23:02:02 2022 

Sensore temperatura n.:  1  T=  21.8
Thu Nov  3 23:02:02 2022 

Sensore temperatura n.:  2  T=  21.2
Thu Nov  3 23:02:02 2022 

Sensore temperatura n.:  3  T=  21.4
Thu Nov  3 23:02:02 2022 

Sensore temperatura n.:  0  T=  22.4
Thu Nov  3 23:17:03 2022 

Sensore temperatura n.:  1  T=  21.8
Thu Nov  3 23:17:03 2022 

Sensore temperatura n.:  2  T=  21.2
Thu Nov  3 23:17:03 2022 

Sensore temperatura n.:  3  T=  21.4
Thu Nov  3 23:17:03 2022 

Sensore temperatura n.:  0  T=  22.3
Thu Nov  3 23:32:03 2022 

Sensore temperatura n.:  1  T=  21.8
Thu Nov  3 23:32:03 2022 

Sensore temperatura n.:  2  T=  21.2
Thu Nov  3 23:32:03 2022 

Sensore temperatura n.:  3  T=  21.4
Thu Nov  3 23:32:03 2022 

Sensore temperatura n.:  0  T=  22.4
Thu Nov  3 23:47:04 2022 

Sensore temperatura n.:  1  T=  21.8
Thu Nov  3 23:47:04 2022 

Sensore temperatura n.:  2  T=  21.3
Thu Nov  3 23:47:04 2022 

Sensore temperatura n.:  3  T=  21.5
Thu Nov  3 23:47:04 2022 

Sensore temperatura n.:  0  T=  22.6
Fri Nov  4 00:02:04 2022 

Sensore temperatura n.:  1  T=  22.0
Fri Nov  4 00:02:04 2022 

Sensore temperatura n.:  2  T=  21.4
Fri Nov  4 00:02:04 2022 

Sensore temperatura n.:  3  T=  21.7
Fri Nov  4 00:02:04 2022 

Sensore temperatura n.:  0  T=  22.4
Fri Nov  4 00:17:05 2022 

Sensore temperatura n.:  1  T=  21.8
Fri Nov  4 00:17:05 2022 

Sensore temperatura n.:  2  T=  21.2
Fri Nov  4 00:17:05 2022 

Sensore temperatura n.:  3  T=  21.5
Fri Nov  4 00:17:05 2022 

Sensore temperatura n.:  0  T=  22.6
Fri Nov  4 00:32:05 2022 

Sensore temperatura n.:  1  T=  22.0
Fri Nov  4 00:32:05 2022 

Sensore temperatura n.:  2  T=  21.5
Fri Nov  4 00:32:05 2022 

Sensore temperatura n.:  3  T=  21.7
Fri Nov  4 00:32:05 2022 

Sensore temperatura n.:  0  T=  22.6
Fri Nov  4 00:47:06 2022 

Sensore temperatura n.:  1  T=  22.1
Fri Nov  4 00:47:06 2022 

Sensore temperatura n.:  2  T=  21.5
Fri Nov  4 00:47:06 2022 

Sensore temperatura n.:  3  T=  21.7
Fri Nov  4 00:47:06 2022 

Sensore temperatura n.:  0  T=  22.7
Fri Nov  4 01:02:06 2022 

Sensore temperatura n.:  1  T=  22.2
Fri Nov  4 01:02:06 2022 

Sensore temperatura n.:  2  T=  21.7
Fri Nov  4 01:02:06 2022 

Sensore temperatura n.:  3  T=  21.9
Fri Nov  4 01:02:06 2022 

Sensore temperatura n.:  0  T=  22.9
Fri Nov  4 01:17:07 2022 

Sensore temperatura n.:  1  T=  22.4
Fri Nov  4 01:17:07 2022 

Sensore temperatura n.:  2  T=  21.8
Fri Nov  4 01:17:07 2022 

Sensore temperatura n.:  3  T=  22.1
Fri Nov  4 01:17:07 2022 

Sensore temperatura n.:  0  T=  22.9
Fri Nov  4 01:32:07 2022 

Sensore temperatura n.:  1  T=  22.4
Fri Nov  4 01:32:07 2022 

Sensore temperatura n.:  2  T=  21.8
Fri Nov  4 01:32:07 2022 

Sensore temperatura n.:  3  T=  22.1
Fri Nov  4 01:32:07 2022 

Sensore temperatura n.:  0  T=  23.0
Fri Nov  4 01:47:08 2022 

Sensore temperatura n.:  1  T=  22.6
Fri Nov  4 01:47:08 2022 

Sensore temperatura n.:  2  T=  21.9
Fri Nov  4 01:47:08 2022 

Sensore temperatura n.:  3  T=  22.2
Fri Nov  4 01:47:08 2022 

Sensore temperatura n.:  0  T=  23.1
Fri Nov  4 02:02:08 2022 

Sensore temperatura n.:  1  T=  22.4
Fri Nov  4 02:02:08 2022 

Sensore temperatura n.:  2  T=  21.8
Fri Nov  4 02:02:08 2022 

Sensore temperatura n.:  3  T=  22.0
Fri Nov  4 02:02:08 2022 

Sensore temperatura n.:  0  T=  22.8
Fri Nov  4 02:17:09 2022 

Sensore temperatura n.:  1  T=  22.1
Fri Nov  4 02:17:09 2022 

Sensore temperatura n.:  2  T=  21.4
Fri Nov  4 02:17:09 2022 

Sensore temperatura n.:  3  T=  21.5
Fri Nov  4 02:17:09 2022 

Sensore temperatura n.:  0  T=  22.6
Fri Nov  4 02:32:09 2022 

Sensore temperatura n.:  1  T=  21.9
Fri Nov  4 02:32:09 2022 

Sensore temperatura n.:  2  T=  21.4
Fri Nov  4 02:32:09 2022 

Sensore temperatura n.:  3  T=  21.6
Fri Nov  4 02:32:09 2022 

Sensore temperatura n.:  0  T=  22.7
Fri Nov  4 02:47:10 2022 

Sensore temperatura n.:  1  T=  22.1
Fri Nov  4 02:47:10 2022 

Sensore temperatura n.:  2  T=  21.5
Fri Nov  4 02:47:10 2022 

Sensore temperatura n.:  3  T=  21.6
Fri Nov  4 02:47:10 2022 

Sensore temperatura n.:  0  T=  22.6
Fri Nov  4 03:02:10 2022 

Sensore temperatura n.:  1  T=  22.1
Fri Nov  4 03:02:10 2022 

Sensore temperatura n.:  2  T=  21.4
Fri Nov  4 03:02:10 2022 

Sensore temperatura n.:  3  T=  21.7
Fri Nov  4 03:02:10 2022 

Sensore temperatura n.:  0  T=  22.8
Fri Nov  4 03:17:11 2022 

Sensore temperatura n.:  1  T=  22.2
Fri Nov  4 03:17:11 2022 

Sensore temperatura n.:  2  T=  21.7
Fri Nov  4 03:17:11 2022 

Sensore temperatura n.:  3  T=  21.8
Fri Nov  4 03:17:11 2022 

Sensore temperatura n.:  0  T=  22.6
Fri Nov  4 03:32:11 2022 

Sensore temperatura n.:  1  T=  22.1
Fri Nov  4 03:32:11 2022 

Sensore temperatura n.:  2  T=  21.5
Fri Nov  4 03:32:11 2022 

Sensore temperatura n.:  3  T=  21.7
Fri Nov  4 03:32:11 2022 

Sensore temperatura n.:  0  T=  22.8
Fri Nov  4 03:47:12 2022 

Sensore temperatura n.:  1  T=  22.2
Fri Nov  4 03:47:12 2022 

Sensore temperatura n.:  2  T=  21.6
Fri Nov  4 03:47:12 2022 

Sensore temperatura n.:  3  T=  21.9
Fri Nov  4 03:47:12 2022 

Sensore temperatura n.:  0  T=  22.8
Fri Nov  4 04:02:13 2022 

Sensore temperatura n.:  1  T=  22.2
Fri Nov  4 04:02:13 2022 

Sensore temperatura n.:  2  T=  21.7
Fri Nov  4 04:02:13 2022 

Sensore temperatura n.:  3  T=  21.8
Fri Nov  4 04:02:13 2022 

Sensore temperatura n.:  0  T=  22.7
Fri Nov  4 04:17:13 2022 

Sensore temperatura n.:  1  T=  22.1
Fri Nov  4 04:17:13 2022 

Sensore temperatura n.:  2  T=  21.6
Fri Nov  4 04:17:13 2022 

Sensore temperatura n.:  3  T=  21.8
Fri Nov  4 04:17:13 2022 

Sensore temperatura n.:  0  T=  22.8
Fri Nov  4 04:32:14 2022 

Sensore temperatura n.:  1  T=  22.2
Fri Nov  4 04:32:14 2022 

Sensore temperatura n.:  2  T=  21.8
Fri Nov  4 04:32:14 2022 

Sensore temperatura n.:  3  T=  21.9
Fri Nov  4 04:32:14 2022 

Sensore temperatura n.:  0  T=  22.8
Fri Nov  4 04:47:14 2022 

Sensore temperatura n.:  1  T=  22.3
Fri Nov  4 04:47:14 2022 

Sensore temperatura n.:  2  T=  21.8
Fri Nov  4 04:47:14 2022 

Sensore temperatura n.:  3  T=  21.9
Fri Nov  4 04:47:14 2022 

Sensore temperatura n.:  0  T=  22.8
Fri Nov  4 05:02:15 2022 

Sensore temperatura n.:  1  T=  22.3
Fri Nov  4 05:02:15 2022 

Sensore temperatura n.:  2  T=  21.8
Fri Nov  4 05:02:15 2022 

Sensore temperatura n.:  3  T=  21.9
Fri Nov  4 05:02:15 2022 

Sensore temperatura n.:  0  T=  22.9
Fri Nov  4 05:17:15 2022 

Sensore temperatura n.:  1  T=  22.4
Fri Nov  4 05:17:15 2022 

Sensore temperatura n.:  2  T=  21.8
Fri Nov  4 05:17:15 2022 

Sensore temperatura n.:  3  T=  22.1
Fri Nov  4 05:17:15 2022 

Sensore temperatura n.:  0  T=  22.9
Fri Nov  4 05:32:16 2022 

Sensore temperatura n.:  1  T=  22.3
Fri Nov  4 05:32:16 2022 

Sensore temperatura n.:  2  T=  21.8
Fri Nov  4 05:32:16 2022 

Sensore temperatura n.:  3  T=  22.0
Fri Nov  4 05:32:16 2022 

Sensore temperatura n.:  0  T=  22.9
Fri Nov  4 05:47:16 2022 

Sensore temperatura n.:  1  T=  22.3
Fri Nov  4 05:47:16 2022 

Sensore temperatura n.:  2  T=  21.8
Fri Nov  4 05:47:16 2022 

Sensore temperatura n.:  3  T=  22.0
Fri Nov  4 05:47:16 2022 

Sensore temperatura n.:  0  T=  22.9
Fri Nov  4 06:02:17 2022 

Sensore temperatura n.:  1  T=  22.4
Fri Nov  4 06:02:17 2022 

Sensore temperatura n.:  2  T=  21.9
Fri Nov  4 06:02:17 2022 

Sensore temperatura n.:  3  T=  22.1
Fri Nov  4 06:02:17 2022 

Sensore temperatura n.:  0  T=  22.9
Fri Nov  4 06:17:17 2022 

Sensore temperatura n.:  1  T=  22.4
Fri Nov  4 06:17:17 2022 

Sensore temperatura n.:  2  T=  21.9
Fri Nov  4 06:17:17 2022 

Sensore temperatura n.:  3  T=  22.1
Fri Nov  4 06:17:17 2022 

Sensore temperatura n.:  0  T=  23.1
Fri Nov  4 06:32:18 2022 

Sensore temperatura n.:  1  T=  22.6
Fri Nov  4 06:32:18 2022 

Sensore temperatura n.:  2  T=  22.0
Fri Nov  4 06:32:18 2022 

Sensore temperatura n.:  3  T=  22.2
Fri Nov  4 06:32:18 2022 

Sensore temperatura n.:  0  T=  23.2
Fri Nov  4 06:47:18 2022 

Sensore temperatura n.:  1  T=  22.7
Fri Nov  4 06:47:18 2022 

Sensore temperatura n.:  2  T=  22.1
Fri Nov  4 06:47:18 2022 

Sensore temperatura n.:  3  T=  22.4
Fri Nov  4 06:47:18 2022 

Sensore temperatura n.:  0  T=  23.3
Fri Nov  4 07:02:19 2022 

Sensore temperatura n.:  1  T=  22.8
Fri Nov  4 07:02:19 2022 

Sensore temperatura n.:  2  T=  22.2
Fri Nov  4 07:02:19 2022 

Sensore temperatura n.:  3  T=  22.4
Fri Nov  4 07:02:19 2022 

Sensore temperatura n.:  0  T=  23.4
Fri Nov  4 07:17:19 2022 

Sensore temperatura n.:  1  T=  22.8
Fri Nov  4 07:17:19 2022 

Sensore temperatura n.:  2  T=  22.3
Fri Nov  4 07:17:19 2022 

Sensore temperatura n.:  3  T=  22.6
Fri Nov  4 07:17:19 2022 

Sensore temperatura n.:  0  T=  23.5
Fri Nov  4 07:32:20 2022 

Sensore temperatura n.:  1  T=  22.9
Fri Nov  4 07:32:20 2022 

Sensore temperatura n.:  2  T=  22.4
Fri Nov  4 07:32:20 2022 

Sensore temperatura n.:  3  T=  22.6
Fri Nov  4 07:32:20 2022 

Sensore temperatura n.:  0  T=  23.5
Fri Nov  4 07:47:20 2022 

Sensore temperatura n.:  1  T=  22.9
Fri Nov  4 07:47:20 2022 

Sensore temperatura n.:  2  T=  22.4
Fri Nov  4 07:47:20 2022 

Sensore temperatura n.:  3  T=  22.7
Fri Nov  4 07:47:20 2022 

Sensore temperatura n.:  0  T=  23.6
Fri Nov  4 08:02:21 2022 

Sensore temperatura n.:  1  T=  23.0
Fri Nov  4 08:02:21 2022 

Sensore temperatura n.:  2  T=  22.4
Fri Nov  4 08:02:21 2022 

Sensore temperatura n.:  3  T=  22.8
Fri Nov  4 08:02:21 2022 

Sensore temperatura n.:  0  T=  23.6
Fri Nov  4 08:17:21 2022 

Sensore temperatura n.:  1  T=  23.1
Fri Nov  4 08:17:21 2022 

Sensore temperatura n.:  2  T=  22.5
Fri Nov  4 08:17:21 2022 

Sensore temperatura n.:  3  T=  22.8
Fri Nov  4 08:17:21 2022 

Sensore temperatura n.:  0  T=  23.7
Fri Nov  4 08:32:22 2022 

Sensore temperatura n.:  1  T=  23.1
Fri Nov  4 08:32:22 2022 

Sensore temperatura n.:  2  T=  22.5
Fri Nov  4 08:32:22 2022 

Sensore temperatura n.:  3  T=  22.8
Fri Nov  4 08:32:22 2022 

Sensore temperatura n.:  0  T=  23.8
Fri Nov  4 08:47:22 2022 

Sensore temperatura n.:  1  T=  23.2
Fri Nov  4 08:47:22 2022 

Sensore temperatura n.:  2  T=  22.6
Fri Nov  4 08:47:22 2022 

Sensore temperatura n.:  3  T=  22.9
Fri Nov  4 08:47:22 2022 

Sensore temperatura n.:  0  T=  23.8
Fri Nov  4 09:02:23 2022 

Sensore temperatura n.:  1  T=  23.2
Fri Nov  4 09:02:23 2022 

Sensore temperatura n.:  2  T=  22.7
Fri Nov  4 09:02:23 2022 

Sensore temperatura n.:  3  T=  22.9
Fri Nov  4 09:02:23 2022 

Sensore temperatura n.:  0  T=  23.9
Fri Nov  4 09:17:23 2022 

Sensore temperatura n.:  1  T=  23.2
Fri Nov  4 09:17:23 2022 

Sensore temperatura n.:  2  T=  22.6
Fri Nov  4 09:17:23 2022 

Sensore temperatura n.:  3  T=  22.8
Fri Nov  4 09:17:23 2022 

Sensore temperatura n.:  0  T=  23.8
Fri Nov  4 09:32:24 2022 

Sensore temperatura n.:  1  T=  23.1
Fri Nov  4 09:32:24 2022 

Sensore temperatura n.:  2  T=  22.5
Fri Nov  4 09:32:24 2022 

Sensore temperatura n.:  3  T=  22.6
Fri Nov  4 09:32:24 2022 

Sensore temperatura n.:  0  T=  23.7
Fri Nov  4 09:47:24 2022 

Sensore temperatura n.:  1  T=  23.0
Fri Nov  4 09:47:24 2022 

Sensore temperatura n.:  2  T=  22.4
Fri Nov  4 09:47:24 2022 

Sensore temperatura n.:  3  T=  22.3
Fri Nov  4 09:47:24 2022 

Sensore temperatura n.:  0  T=  23.7
Fri Nov  4 10:02:25 2022 

Sensore temperatura n.:  1  T=  23.1
Fri Nov  4 10:02:25 2022 

Sensore temperatura n.:  2  T=  22.4
Fri Nov  4 10:02:25 2022 

Sensore temperatura n.:  3  T=  22.5
Fri Nov  4 10:02:25 2022 

Sensore temperatura n.:  0  T=  23.8
Fri Nov  4 10:17:25 2022 

Sensore temperatura n.:  1  T=  23.2
Fri Nov  4 10:17:25 2022 

Sensore temperatura n.:  2  T=  22.6
Fri Nov  4 10:17:25 2022 

Sensore temperatura n.:  3  T=  22.7
Fri Nov  4 10:17:25 2022 

Sensore temperatura n.:  0  T=  23.8
Fri Nov  4 10:32:26 2022 

Sensore temperatura n.:  1  T=  23.2
Fri Nov  4 10:32:26 2022 

Sensore temperatura n.:  2  T=  22.4
Fri Nov  4 10:32:26 2022 

Sensore temperatura n.:  3  T=  22.5
Fri Nov  4 10:32:26 2022 

Sensore temperatura n.:  0  T=  23.9
Fri Nov  4 10:47:26 2022 

Sensore temperatura n.:  1  T=  23.2
Fri Nov  4 10:47:26 2022 

Sensore temperatura n.:  2  T=  22.7
Fri Nov  4 10:47:26 2022 

Sensore temperatura n.:  3  T=  22.8
Fri Nov  4 10:47:26 2022 

Sensore temperatura n.:  0  T=  23.9
Fri Nov  4 11:02:27 2022 

Sensore temperatura n.:  1  T=  23.2
Fri Nov  4 11:02:27 2022 

Sensore temperatura n.:  2  T=  22.6
Fri Nov  4 11:02:27 2022 

Sensore temperatura n.:  3  T=  22.7
Fri Nov  4 11:02:27 2022 

Sensore temperatura n.:  0  T=  24.0
Fri Nov  4 11:17:27 2022 

Sensore temperatura n.:  1  T=  23.3
Fri Nov  4 11:17:27 2022 

Sensore temperatura n.:  2  T=  22.6
Fri Nov  4 11:17:27 2022 

Sensore temperatura n.:  3  T=  22.7
Fri Nov  4 11:17:27 2022 

Sensore temperatura n.:  0  T=  23.9
Fri Nov  4 11:32:28 2022 

Sensore temperatura n.:  1  T=  23.2
Fri Nov  4 11:32:28 2022 

Sensore temperatura n.:  2  T=  22.6
Fri Nov  4 11:32:28 2022 

Sensore temperatura n.:  3  T=  22.5
Fri Nov  4 11:32:28 2022 

Sensore temperatura n.:  0  T=  23.8
Fri Nov  4 11:47:28 2022 

Sensore temperatura n.:  1  T=  23.2
Fri Nov  4 11:47:28 2022 

Sensore temperatura n.:  2  T=  22.5
Fri Nov  4 11:47:28 2022 

Sensore temperatura n.:  3  T=  22.4
Fri Nov  4 11:47:28 2022 

Sensore temperatura n.:  0  T=  23.8
Fri Nov  4 12:02:29 2022 

Sensore temperatura n.:  1  T=  23.2
Fri Nov  4 12:02:29 2022 

Sensore temperatura n.:  2  T=  22.4
Fri Nov  4 12:02:29 2022 

Sensore temperatura n.:  3  T=  22.2
Fri Nov  4 12:02:29 2022 

Sensore temperatura n.:  0  T=  23.8
Fri Nov  4 12:17:29 2022 

Sensore temperatura n.:  1  T=  23.1
Fri Nov  4 12:17:29 2022 

Sensore temperatura n.:  2  T=  22.4
Fri Nov  4 12:17:29 2022 

Sensore temperatura n.:  3  T=  22.2
Fri Nov  4 12:17:29 2022 

Sensore temperatura n.:  0  T=  23.7
Fri Nov  4 12:32:30 2022 

Sensore temperatura n.:  1  T=  23.1
Fri Nov  4 12:32:30 2022 

Sensore temperatura n.:  2  T=  22.3
Fri Nov  4 12:32:30 2022 

Sensore temperatura n.:  3  T=  22.1
Fri Nov  4 12:32:30 2022 

Sensore temperatura n.:  0  T=  23.6
Fri Nov  4 12:47:30 2022 

Sensore temperatura n.:  1  T=  23.0
Fri Nov  4 12:47:30 2022 

Sensore temperatura n.:  2  T=  22.2
Fri Nov  4 12:47:30 2022 

Sensore temperatura n.:  3  T=  22.1
Fri Nov  4 12:47:30 2022 

Sensore temperatura n.:  0  T=  23.6
Fri Nov  4 13:02:31 2022 

Sensore temperatura n.:  1  T=  23.0
Fri Nov  4 13:02:31 2022 

Sensore temperatura n.:  2  T=  22.3
Fri Nov  4 13:02:31 2022 

Sensore temperatura n.:  3  T=  22.1
Fri Nov  4 13:02:31 2022 

Sensore temperatura n.:  0  T=  23.6
Fri Nov  4 13:17:31 2022 

Sensore temperatura n.:  1  T=  23.0
Fri Nov  4 13:17:31 2022 

Sensore temperatura n.:  2  T=  22.2
Fri Nov  4 13:17:31 2022 

Sensore temperatura n.:  3  T=  22.0
Fri Nov  4 13:17:31 2022 

Sensore temperatura n.:  0  T=  23.5
Fri Nov  4 13:32:32 2022 

Sensore temperatura n.:  1  T=  22.9
Fri Nov  4 13:32:32 2022 

Sensore temperatura n.:  2  T=  22.2
Fri Nov  4 13:32:32 2022 

Sensore temperatura n.:  3  T=  22.0
Fri Nov  4 13:32:32 2022 

Sensore temperatura n.:  0  T=  23.6
Fri Nov  4 13:47:32 2022 

Sensore temperatura n.:  1  T=  22.9
Fri Nov  4 13:47:32 2022 

Sensore temperatura n.:  2  T=  22.1
Fri Nov  4 13:47:32 2022 

Sensore temperatura n.:  3  T=  22.0
Fri Nov  4 13:47:32 2022 

Fine del run: Fri Nov  4 14:01:23 2022 

Fri Nov  4 14:01:23 2022 

Eseguo: sshpass -p "root" ssh root@169.254.180.39  'bash daq_run_stop.sh -N "{0..11}" >> test.out' 
Fri Nov  4 14:01:23 2022 

Eseguo: sshpass -p "root" ssh root@169.254.180.39  'bash daq_disable_hv.sh -N "{0..11}"  >> test.out' 
Fri Nov  4 14:01:25 2022 

Eseguo: sshpass -p "root" ssh root@169.254.180.39  'killall nc >> test.out' 
Fri Nov  4 14:01:32 2022 

Eseguo: sshpass -p "root" ssh root@169.254.180.39  'killall DaqReadTcp >> test.out' 
Fri Nov  4 14:01:34 2022 

Sensore temperatura n.:  0  T=  23.5
Fri Nov  4 14:02:33 2022 

Sensore temperatura n.:  1  T=  22.8
Fri Nov  4 14:02:33 2022 

Sensore temperatura n.:  2  T=  22.1
Fri Nov  4 14:02:33 2022 

Sensore temperatura n.:  3  T=  21.9
Fri Nov  4 14:02:33 2022 

Sensore temperatura n.:  0  T=  23.4
Fri Nov  4 14:17:33 2022 

Sensore temperatura n.:  1  T=  22.8
Fri Nov  4 14:17:33 2022 

Sensore temperatura n.:  2  T=  22.1
Fri Nov  4 14:17:33 2022 

Sensore temperatura n.:  3  T=  21.9
Fri Nov  4 14:17:33 2022 

Sensore temperatura n.:  0  T=  23.3
Fri Nov  4 14:32:34 2022 

Sensore temperatura n.:  1  T=  22.8
Fri Nov  4 14:32:34 2022 

Sensore temperatura n.:  2  T=  22.0
Fri Nov  4 14:32:34 2022 

Sensore temperatura n.:  3  T=  21.8
Fri Nov  4 14:32:34 2022 

Eseguo: sshpass -p "root" ssh root@169.254.180.39  'bash daq_run_stop.sh -N "{0..11}" >> test.out' 
Fri Nov  4 14:41:12 2022 

Eseguo: sshpass -p "root" ssh root@169.254.180.39  'bash daq_disable_hv.sh -N "{0..11}"  >> test.out' 
Fri Nov  4 14:41:14 2022 

Eseguo: sshpass -p "root" ssh root@169.254.180.39  'killall nc >> test.out' 
Fri Nov  4 14:41:21 2022 

Eseguo: sshpass -p "root" ssh root@169.254.180.39  'killall DaqReadTcp >> test.out' 
Fri Nov  4 14:41:23 2022 